modules/reader-link/android/build/intermediates/manifest_merge_blame_file/debug/processDebugManifest/manifest-merger-blame-debug-report.txt
1<?xml version="1.0" encoding="utf-8"?>
2<manifest xmlns:android="http://schemas.android.com/apk/res/android"
3    package="expo.modules.readerlink" >
4
5    <uses-sdk android:minSdkVersion="24" />
6
7    <!--
8    CHANGE_NETWORK_STATE is what ConnectivityManager.requestNetwork() requires. It is a
9    NORMAL permission (install-time, no runtime prompt), so declaring it here is the whole
10    story for the peer join and for the upstream request.
11
12    It lives in the MODULE manifest, not in app.config.ts, on purpose: `android/` is
13    prebuild output and `expo prebuild` with the clean flag regenerates the app manifest,
14    while a library manifest is merged by the Android manifest merger on every build. Putting
15    it here means the permission cannot be lost by a regeneration.
16
17    ALREADY DECLARED APP-SIDE (app.config.ts `android.permissions`), and still required:
18      - ACCESS_NETWORK_STATE  (reading NetworkCapabilities / LinkProperties)
19      - ACCESS_WIFI_STATE
20      - NEARBY_WIFI_DEVICES   RUNTIME permission; this app targets SDK 36, and per
21                              https://developer.android.com/develop/connectivity/wifi/wifi-permissions
22                              "Apps that target Android 13 (API level 33) or higher and manage
23                              Wi-Fi connections should request the NEARBY_WIFI_DEVICES runtime
24                              permission ... on previous versions of Android, these apps needed
25                              to declare the ACCESS_FINE_LOCATION permission instead."
26                              src/services/android_permissions.ts already requests it.
27      - INTERNET              (the upstream forward)
28
29    NOT declared, deliberately: ACCESS_FINE_LOCATION. On Android 12 and lower the Wi-Fi
30    Network Request API wants it (and location services ON). The target device for this
31    milestone is a Pixel on Android 13+, where NEARBY_WIFI_DEVICES replaces it, and adding a
32    dangerous location permission for older devices would need a runtime-request flow the app
33    does not have. If Android 12 support is ever needed, add
34    <uses-permission android:name="android.permission.ACCESS_FINE_LOCATION"
35                     android:maxSdkVersion="32" />
36    here and extend src/services/android_permissions.ts to request it.
37    -->
38    <uses-permission android:name="android.permission.CHANGE_NETWORK_STATE" />
38-->src/main/AndroidManifest.xml:34:3-77
38-->src/main/AndroidManifest.xml:34:20-74
39
40</manifest>